<beans xmlns="http://www.springframework.org/schema/beans"
        xmlns:xsi="http://www.w3.org/2001/XMLSchema-instance"
        xmlns:context="http://www.springframework.org/schema/context"
        xmlns:tx="http://www.springframework.org/schema/tx"
        xmlns:aop="http://www.springframework.org/schema/aop"
        xsi:schemaLocation="http://www.springframework.org/schema/beans http://www.springframework.org/schema/beans/spring-beans-4.0.xsd
                            http://www.springframework.org/schema/context http://www.springframework.org/schema/context/spring-context-4.0.xsd
                            http://www.springframework.org/schema/aop http://www.springframework.org/schema/aop/spring-aop-4.0.xsd
                            http://www.springframework.org/schema/tx  http://www.springframework.org/schema/tx/spring-tx-4.0.xsd">
 

        <context:property-placeholder location="classpath:application_test.properties"/>
        <context:component-scan base-package="com.sbmms" />
        <tx:annotation-driven transaction-manager="transactionManager"/> 
        
        <bean id="dataSource" class="org.springframework.jdbc.datasource.DriverManagerDataSource">
            <property name="driverClassName" value="${db.driver}"/>
            <property name="username" value="${db.username}"/>
            <property name="password" value="${db.password}"/>
            <property name="url" value="${db.url}"/>
        </bean>
        
        <bean id="sessionFactory" class="org.springframework.orm.hibernate4.LocalSessionFactoryBean">
            <property name="dataSource" ref="dataSource"/>
            <property name="packagesToScan">
                <list>
                    <value>com.sbmms</value>
                </list>
            </property>
            <property name="hibernateProperties" >
                <props>
                    <prop key="hibernate.dialect">${hibernate.dialect}</prop>
                    <prop key="hibernate.show_sql">${hibernate.show_sql}</prop>
                    <prop key="hibernate.format_sql">${hibernate.format_sql}</prop>
                    <prop key="hibernate.hbm2ddl.auto">${hibernate.hbm2ddl.auto}</prop>
                  </props>
            </property>
        </bean>
        
        <bean id="transactionManager" class="org.springframework.orm.hibernate4.HibernateTransactionManager">
            <property name="sessionFactory" ref="sessionFactory" />
        </bean>
</beans>